<?xml version="1.0" encoding="UTF-8"?>
<testng-results skipped="0" failed="0" ignored="0" total="3" passed="3">
  <reporter-output>
  </reporter-output>
  <suite name="Suitetest" duration-ms="93682" started-at="2019-04-11T11:39:20Z" finished-at="2019-04-11T11:40:54Z">
    <groups>
    </groups>
    <test name="TestExample" duration-ms="93682" started-at="2019-04-11T11:39:20Z" finished-at="2019-04-11T11:40:54Z">
      <class name="com.cjc.log4jDemo.MercuryTest">
        <test-method status="PASS" signature="openBrowser()[pri:1, instance:com.cjc.log4jDemo.MercuryTest@6442b0a6]" name="openBrowser" duration-ms="5067" started-at="2019-04-11T11:39:20Z" finished-at="2019-04-11T11:39:25Z">
          <reporter-output>
          </reporter-output>
        </test-method> <!-- openBrowser -->
        <test-method status="PASS" signature="captureScreenshot()[pri:0, instance:com.cjc.log4jDemo.MercuryTest@6442b0a6]" name="captureScreenshot" is-config="true" duration-ms="1157" started-at="2019-04-11T11:39:25Z" finished-at="2019-04-11T11:39:26Z">
          <reporter-output>
          </reporter-output>
        </test-method> <!-- captureScreenshot -->
        <test-method status="PASS" signature="enterApplUrl()[pri:2, instance:com.cjc.log4jDemo.MercuryTest@6442b0a6]" name="enterApplUrl" duration-ms="7629" started-at="2019-04-11T11:39:26Z" finished-at="2019-04-11T11:39:34Z">
          <reporter-output>
          </reporter-output>
        </test-method> <!-- enterApplUrl -->
        <test-method status="PASS" signature="captureScreenshot()[pri:0, instance:com.cjc.log4jDemo.MercuryTest@6442b0a6]" name="captureScreenshot" is-config="true" duration-ms="441" started-at="2019-04-11T11:39:34Z" finished-at="2019-04-11T11:39:34Z">
          <reporter-output>
          </reporter-output>
        </test-method> <!-- captureScreenshot -->
        <test-method status="PASS" signature="loginwithValidDetails()[pri:3, instance:com.cjc.log4jDemo.MercuryTest@6442b0a6]" name="loginwithValidDetails" duration-ms="78882" started-at="2019-04-11T11:39:34Z" finished-at="2019-04-11T11:40:53Z">
          <reporter-output>
          </reporter-output>
        </test-method> <!-- loginwithValidDetails -->
        <test-method status="PASS" signature="captureScreenshot()[pri:0, instance:com.cjc.log4jDemo.MercuryTest@6442b0a6]" name="captureScreenshot" is-config="true" duration-ms="437" started-at="2019-04-11T11:40:53Z" finished-at="2019-04-11T11:40:54Z">
          <reporter-output>
          </reporter-output>
        </test-method> <!-- captureScreenshot -->
      </class> <!-- com.cjc.log4jDemo.MercuryTest -->
    </test> <!-- TestExample -->
  </suite> <!-- Suitetest -->
</testng-results>
