<?xml version="1.0" encoding="UTF-8"?>
<!-- Generated by org.testng.reporters.JUnitXMLReporter -->
<testsuite hostname="DESKTOP-A522TDA" ignored="0" name="TestExample" tests="3" failures="0" timestamp="11 Apr 2019 11:40:54 GMT" time="93.682" errors="0">
  <testcase name="openBrowser" time="5.067" classname="com.cjc.log4jDemo.MercuryTest"/>
  <testcase name="enterApplUrl" time="7.629" classname="com.cjc.log4jDemo.MercuryTest"/>
  <testcase name="loginwithValidDetails" time="78.882" classname="com.cjc.log4jDemo.MercuryTest"/>
</testsuite> <!-- TestExample -->
